2025/08/07 11:35:50 got interruption signal
2025/08/07 11:44:14 got interruption signal
2025/08/07 11:46:38 got interruption signal
2025/08/07 11:59:09 got interruption signal
2025/08/07 12:03:47 got interruption signal
2025/08/07 12:05:09 got interruption signal
{"timestamp":"2025-08-07T13:55:27.123220198Z","method":"GET","path":"/random","status_code":200,"duration":"75.01µs","http_version":"HTTP/1.0","client_ip":"172.21.0.3:56610"}
{"timestamp":"2025-08-07T13:55:36.186988613Z","method":"GET","path":"/error","status_code":500,"duration":"14.802µs","http_version":"HTTP/1.0","client_ip":"172.21.0.3:50714"}
{"timestamp":"2025-08-07T13:55:52.146587545Z","method":"GET","path":"/time","status_code":200,"duration":"8.197µs","http_version":"HTTP/1.0","client_ip":"172.21.0.3:42734"}
{"timestamp":"2025-08-07T13:55:52.947872286Z","method":"GET","path":"/time","status_code":200,"duration":"11.176µs","http_version":"HTTP/1.0","client_ip":"172.21.0.3:42746"}
{"timestamp":"2025-08-07T13:55:53.780829093Z","method":"GET","path":"/time","status_code":200,"duration":"8.325µs","http_version":"HTTP/1.0","client_ip":"172.21.0.3:42748"}
{"timestamp":"2025-08-07T13:55:54.436705437Z","method":"GET","path":"/time","status_code":200,"duration":"10.991µs","http_version":"HTTP/1.0","client_ip":"172.21.0.3:42762"}
{"timestamp":"2025-08-07T13:55:55.289786355Z","method":"GET","path":"/time","status_code":200,"duration":"8.258µs","http_version":"HTTP/1.0","client_ip":"172.21.0.3:42778"}
{"timestamp":"2025-08-07T13:55:55.923344599Z","method":"GET","path":"/time","status_code":200,"duration":"7.691µs","http_version":"HTTP/1.0","client_ip":"172.21.0.3:42784"}
{"timestamp":"2025-08-07T13:55:56.502653653Z","method":"GET","path":"/time","status_code":200,"duration":"8.221µs","http_version":"HTTP/1.0","client_ip":"172.21.0.3:42800"}
{"timestamp":"2025-08-07T13:55:57.188126249Z","method":"GET","path":"/time","status_code":200,"duration":"8.289µs","http_version":"HTTP/1.0","client_ip":"172.21.0.3:42816"}
2025/08/08 03:08:46 got interruption signal
2025/08/08 03:10:56 got interruption signal
2025/08/08 10:40:53 got interruption signal
2025/08/08 10:41:05 got interruption signal
2025/08/08 10:41:17 got interruption signal
2025/08/08 10:41:29 got interruption signal
2025/08/08 10:41:41 got interruption signal
2025/08/08 10:41:53 got interruption signal
2025/08/08 10:42:05 got interruption signal
2025/08/08 10:42:17 got interruption signal
2025/08/08 10:42:29 got interruption signal
2025/08/08 10:42:41 got interruption signal
2025/08/08 10:42:53 got interruption signal
2025/08/08 10:43:05 got interruption signal
2025/08/08 10:43:17 got interruption signal
2025/08/08 10:43:28 got interruption signal
2025/08/08 10:43:40 got interruption signal
2025/08/08 10:43:52 got interruption signal
2025/08/08 10:44:04 got interruption signal
2025/08/08 10:44:16 got interruption signal
2025/08/08 10:44:29 got interruption signal
2025/08/08 10:44:41 got interruption signal
2025/08/08 10:44:53 got interruption signal
2025/08/08 10:45:05 got interruption signal
2025/08/08 10:45:17 got interruption signal
2025/08/08 10:45:29 got interruption signal
Configuration successfully reloaded via SIGUSR2
2025/08/08 10:45:53 got interruption signal
2025/08/08 10:46:05 got interruption signal
Configuration successfully reloaded via SIGUSR2
2025/08/08 10:46:29 got interruption signal
2025/08/08 10:46:41 got interruption signal
2025/08/08 10:46:53 got interruption signal
2025/08/08 10:47:05 got interruption signal
2025/08/08 10:58:23 got interruption signal
2025/08/08 11:03:09 got interruption signal
2025/08/08 11:03:42 got interruption signal
2025/08/08 11:03:54 got interruption signal
2025/08/08 11:04:06 got interruption signal
2025/08/08 11:04:18 got interruption signal
2025/08/08 11:04:30 got interruption signal
2025/08/08 11:04:42 got interruption signal
2025/08/08 11:04:54 got interruption signal
2025/08/08 11:05:06 got interruption signal
2025/08/08 11:05:18 got interruption signal
2025/08/08 11:05:30 got interruption signal
2025/08/08 11:05:42 got interruption signal
2025/08/08 11:05:54 got interruption signal
2025/08/08 11:06:06 got interruption signal
2025/08/08 11:06:19 got interruption signal
2025/08/08 11:06:30 got interruption signal
2025/08/08 11:07:16 got interruption signal
{"timestamp":"2025-08-08T11:09:35.337732973Z","method":"GET","path":"/random","status_code":200,"duration":"27.804µs","http_version":"HTTP/1.0","client_ip":"172.21.0.3:37866"}
2025/08/08 12:10:27 got interruption signal
2025/08/08 13:08:31 got interruption signal
2025/08/08 15:48:46 got interruption signal
2025/08/09 09:27:38 got interruption signal
2025/08/09 09:28:08 got interruption signal
Configuration successfully reloaded via SIGUSR2
Configuration successfully reloaded via SIGUSR2
2025/08/09 09:32:03 got interruption signal
Log file reopened via SIGUSR1
Log file reopened via SIGUSR1
{"timestamp":"2025-08-09T09:32:46.544740238Z","method":"GET","path":"/random","status_code":200,"duration":"29.686µs","http_version":"HTTP/1.0","client_ip":"172.21.0.3:49628"}
{"timestamp":"2025-08-09T09:32:51.22813156Z","method":"GET","path":"/time","status_code":200,"duration":"8.62µs","http_version":"HTTP/1.0","client_ip":"172.21.0.3:49636"}
2025/08/09 09:35:04 got interruption signal
Log file reopened via SIGUSR1
Configuration successfully reloaded via SIGUSR2
2025/08/09 09:40:42 got interruption signal
2025/08/09 09:41:11 got interruption signal
Server shutting down gracefully
{"timestamp":"2025-08-09T09:41:19.518482339Z","method":"GET","path":"/time","status_code":200,"duration":"84.723µs","http_version":"HTTP/1.0","client_ip":"172.21.0.3:60980"}
{"timestamp":"2025-08-09T09:41:28.929491015Z","method":"GET","path":"/time","status_code":200,"duration":"7.596µs","http_version":"HTTP/1.0","client_ip":"172.21.0.3:47690"}
{"timestamp":"2025-08-09T09:41:30.026323062Z","method":"GET","path":"/time","status_code":200,"duration":"7.819µs","http_version":"HTTP/1.0","client_ip":"172.21.0.3:47698"}
2025/08/09 09:42:30 got interruption signal
Server shutting down gracefully
2025/08/09 09:43:16 got interruption signal
Server shutting down gracefully
2025/08/09 16:00:55 got interruption signal
Server shutting down gracefully
2025/08/10 07:36:34 got interruption signal
Server shutting down gracefully
2025/08/10 12:27:02 got interruption signal
Server shutting down gracefully
2025/08/10 12:27:19 got interruption signal
Server shutting down gracefully
2025/08/10 12:29:33 got interruption signal
Server shutting down gracefully
2025/08/10 12:29:48 got interruption signal
Server shutting down gracefully
2025/08/10 12:32:35 got interruption signal
Server shutting down gracefully
2025/08/10 12:32:55 got interruption signal
Server shutting down gracefully
2025/08/10 12:33:51 got interruption signal
Server shutting down gracefully
2025/08/10 12:34:07 got interruption signal
Server shutting down gracefully
2025/08/10 12:34:27 got interruption signal
Server shutting down gracefully
2025/08/10 12:34:44 got interruption signal
Server shutting down gracefully
2025/08/10 12:35:54 got interruption signal
Server shutting down gracefully
2025/08/10 12:36:10 got interruption signal
Server shutting down gracefully
2025/08/10 12:39:04 got interruption signal
Server shutting down gracefully
2025/08/10 12:39:22 got interruption signal
Server shutting down gracefully
2025/08/10 12:41:38 got interruption signal
Server shutting down gracefully
2025/08/10 12:41:55 got interruption signal
Server shutting down gracefully
2025/08/10 12:45:18 got interruption signal
Server shutting down gracefully
2025/08/10 12:45:36 got interruption signal
Server shutting down gracefully
2025/08/10 12:47:35 got interruption signal
Server shutting down gracefully
2025/08/10 12:47:52 got interruption signal
Server shutting down gracefully
2025/08/10 12:59:23 got interruption signal
Server shutting down gracefully
2025/08/10 12:59:41 got interruption signal
Server shutting down gracefully
2025/08/10 13:14:29 got interruption signal
Server shutting down gracefully
2025/08/10 13:14:46 got interruption signal
Server shutting down gracefully
2025/08/10 13:15:19 got interruption signal
Server shutting down gracefully
2025/08/10 13:15:36 got interruption signal
Server shutting down gracefully
